1737202918.885138 client started (83428): version 3.5a, socket /private/tmp/tmux-501/default, protocol 8
1737202918.885223 on Darwin 24.0.0 Darwin Kernel Version 24.0.0: Tue Sep 24 23:39:07 PDT 2024; root:xnu-11215.1.12~1/RELEASE_ARM64_T6000
1737202918.885234 using libevent 2.1.12-stable select
1737202918.885660 using utf8proc 2.10.0
1737202918.885722 using ncurses 6.5 20240427
1737202918.885803 flags are 0x18010000
1737202918.885833 socket is /private/tmp/tmux-501/default
1737202918.885852 trying connect
1737202918.885919 add peer 0x128008000: 8 (0x0)
1737202918.887966 sending message 111 to peer 0x128008000 (8 bytes)
1737202918.887981 sending message 111 to peer 0x128008000 (8 bytes)
1737202918.887990 sending message 101 to peer 0x128008000 (15 bytes)
1737202918.887998 sending message 109 to peer 0x128008000 (4 bytes)
1737202918.888004 sending message 102 to peer 0x128008000 (13 bytes)
1737202918.888010 sending message 108 to peer 0x128008000 (39 bytes)
1737202918.888017 sending message 112 to peer 0x128008000 (58 bytes)
1737202918.888023 sending message 112 to peer 0x128008000 (5 bytes)
1737202918.888029 sending message 112 to peer 0x128008000 (5 bytes)
1737202918.888035 sending message 112 to peer 0x128008000 (6 bytes)
1737202918.888041 sending message 112 to peer 0x128008000 (6 bytes)
1737202918.888049 sending message 112 to peer 0x128008000 (11 bytes)
1737202918.888061 sending message 112 to peer 0x128008000 (10 bytes)
1737202918.888067 sending message 112 to peer 0x128008000 (13 bytes)
1737202918.888074 sending message 112 to peer 0x128008000 (14 bytes)
1737202918.888080 sending message 112 to peer 0x128008000 (19 bytes)
1737202918.888086 sending message 112 to peer 0x128008000 (11 bytes)
1737202918.888092 sending message 112 to peer 0x128008000 (10 bytes)
1737202918.888098 sending message 112 to peer 0x128008000 (15 bytes)
1737202918.888104 sending message 112 to peer 0x128008000 (21 bytes)
1737202918.888110 sending message 112 to peer 0x128008000 (13 bytes)
1737202918.888116 sending message 112 to peer 0x128008000 (7 bytes)
1737202918.888122 sending message 112 to peer 0x128008000 (13 bytes)
1737202918.888128 sending message 112 to peer 0x128008000 (7 bytes)
1737202918.888135 sending message 112 to peer 0x128008000 (13 bytes)
1737202918.888140 sending message 112 to peer 0x128008000 (9 bytes)
1737202918.888147 sending message 112 to peer 0x128008000 (21 bytes)
1737202918.888153 sending message 112 to peer 0x128008000 (13 bytes)
1737202918.888159 sending message 112 to peer 0x128008000 (9 bytes)
1737202918.888165 sending message 112 to peer 0x128008000 (16 bytes)
1737202918.888170 sending message 112 to peer 0x128008000 (13 bytes)
1737202918.888177 sending message 112 to peer 0x128008000 (9 bytes)
1737202918.888183 sending message 112 to peer 0x128008000 (9 bytes)
1737202918.888189 sending message 112 to peer 0x128008000 (12 bytes)
1737202918.888195 sending message 112 to peer 0x128008000 (8 bytes)
1737202918.888201 sending message 112 to peer 0x128008000 (8 bytes)
1737202918.888207 sending message 112 to peer 0x128008000 (13 bytes)
1737202918.888213 sending message 112 to peer 0x128008000 (7 bytes)
1737202918.888219 sending message 112 to peer 0x128008000 (7 bytes)
1737202918.888225 sending message 112 to peer 0x128008000 (9 bytes)
1737202918.888231 sending message 112 to peer 0x128008000 (9 bytes)
1737202918.888238 sending message 112 to peer 0x128008000 (15 bytes)
1737202918.888247 sending message 112 to peer 0x128008000 (13 bytes)
1737202918.888253 sending message 112 to peer 0x128008000 (12 bytes)
1737202918.888260 sending message 112 to peer 0x128008000 (8 bytes)
1737202918.888266 sending message 112 to peer 0x128008000 (14 bytes)
1737202918.888272 sending message 112 to peer 0x128008000 (11 bytes)
1737202918.888278 sending message 112 to peer 0x128008000 (9 bytes)
1737202918.888284 sending message 112 to peer 0x128008000 (10 bytes)
1737202918.888290 sending message 112 to peer 0x128008000 (10 bytes)
1737202918.888297 sending message 112 to peer 0x128008000 (10 bytes)
1737202918.888303 sending message 112 to peer 0x128008000 (10 bytes)
1737202918.888322 sending message 112 to peer 0x128008000 (11 bytes)
1737202918.888326 sending message 112 to peer 0x128008000 (12 bytes)
1737202918.888331 sending message 112 to peer 0x128008000 (12 bytes)
1737202918.888335 sending message 112 to peer 0x128008000 (12 bytes)
1737202918.888340 sending message 112 to peer 0x128008000 (12 bytes)
1737202918.888344 sending message 112 to peer 0x128008000 (12 bytes)
1737202918.888348 sending message 112 to peer 0x128008000 (11 bytes)
1737202918.888353 sending message 112 to peer 0x128008000 (11 bytes)
1737202918.888357 sending message 112 to peer 0x128008000 (12 bytes)
1737202918.888362 sending message 112 to peer 0x128008000 (12 bytes)
1737202918.888366 sending message 112 to peer 0x128008000 (12 bytes)
1737202918.888370 sending message 112 to peer 0x128008000 (12 bytes)
1737202918.888375 sending message 112 to peer 0x128008000 (12 bytes)
1737202918.888379 sending message 112 to peer 0x128008000 (9 bytes)
1737202918.888383 sending message 112 to peer 0x128008000 (12 bytes)
1737202918.888389 sending message 112 to peer 0x128008000 (13 bytes)
1737202918.888394 sending message 112 to peer 0x128008000 (13 bytes)
1737202918.888402 sending message 112 to peer 0x128008000 (13 bytes)
1737202918.888410 sending message 112 to peer 0x128008000 (13 bytes)
1737202918.888417 sending message 112 to peer 0x128008000 (13 bytes)
1737202918.888422 sending message 112 to peer 0x128008000 (8 bytes)
1737202918.888426 sending message 112 to peer 0x128008000 (11 bytes)
1737202918.888430 sending message 112 to peer 0x128008000 (11 bytes)
1737202918.888435 sending message 112 to peer 0x128008000 (11 bytes)
1737202918.888439 sending message 112 to peer 0x128008000 (12 bytes)
1737202918.888444 sending message 112 to peer 0x128008000 (12 bytes)
1737202918.888448 sending message 112 to peer 0x128008000 (12 bytes)
1737202918.888453 sending message 112 to peer 0x128008000 (12 bytes)
1737202918.888457 sending message 112 to peer 0x128008000 (13 bytes)
1737202918.888462 sending message 112 to peer 0x128008000 (13 bytes)
1737202918.888466 sending message 112 to peer 0x128008000 (13 bytes)
1737202918.888470 sending message 112 to peer 0x128008000 (8 bytes)
1737202918.888475 sending message 112 to peer 0x128008000 (13 bytes)
1737202918.888479 sending message 112 to peer 0x128008000 (13 bytes)
1737202918.888483 sending message 112 to peer 0x128008000 (13 bytes)
1737202918.888488 sending message 112 to peer 0x128008000 (13 bytes)
1737202918.888493 sending message 112 to peer 0x128008000 (13 bytes)
1737202918.888497 sending message 112 to peer 0x128008000 (12 bytes)
1737202918.888503 sending message 112 to peer 0x128008000 (12 bytes)
1737202918.888507 sending message 112 to peer 0x128008000 (12 bytes)
1737202918.888511 sending message 112 to peer 0x128008000 (12 bytes)
1737202918.888516 sending message 112 to peer 0x128008000 (13 bytes)
1737202918.888520 sending message 112 to peer 0x128008000 (8 bytes)
1737202918.888524 sending message 112 to peer 0x128008000 (13 bytes)
1737202918.888530 sending message 112 to peer 0x128008000 (13 bytes)
1737202918.888534 sending message 112 to peer 0x128008000 (13 bytes)
1737202918.888539 sending message 112 to peer 0x128008000 (13 bytes)
1737202918.888544 sending message 112 to peer 0x128008000 (13 bytes)
1737202918.888550 sending message 112 to peer 0x128008000 (13 bytes)
1737202918.888554 sending message 112 to peer 0x128008000 (13 bytes)
1737202918.888558 sending message 112 to peer 0x128008000 (12 bytes)
1737202918.888564 sending message 112 to peer 0x128008000 (12 bytes)
1737202918.888571 sending message 112 to peer 0x128008000 (12 bytes)
1737202918.888576 sending message 112 to peer 0x128008000 (8 bytes)
1737202918.888581 sending message 112 to peer 0x128008000 (12 bytes)
1737202918.888585 sending message 112 to peer 0x128008000 (13 bytes)
1737202918.888590 sending message 112 to peer 0x128008000 (13 bytes)
1737202918.888596 sending message 112 to peer 0x128008000 (13 bytes)
1737202918.888601 sending message 112 to peer 0x128008000 (13 bytes)
1737202918.888606 sending message 112 to peer 0x128008000 (13 bytes)
1737202918.888620 sending message 112 to peer 0x128008000 (13 bytes)
1737202918.888626 sending message 112 to peer 0x128008000 (13 bytes)
1737202918.888630 sending message 112 to peer 0x128008000 (13 bytes)
1737202918.888635 sending message 112 to peer 0x128008000 (12 bytes)
1737202918.888640 sending message 112 to peer 0x128008000 (10 bytes)
1737202918.888644 sending message 112 to peer 0x128008000 (12 bytes)
1737202918.888649 sending message 112 to peer 0x128008000 (12 bytes)
1737202918.888655 sending message 112 to peer 0x128008000 (12 bytes)
1737202918.888669 sending message 112 to peer 0x128008000 (13 bytes)
1737202918.888676 sending message 112 to peer 0x128008000 (13 bytes)
1737202918.888681 sending message 112 to peer 0x128008000 (13 bytes)
1737202918.888689 sending message 112 to peer 0x128008000 (13 bytes)
1737202918.888696 sending message 112 to peer 0x128008000 (13 bytes)
1737202918.888703 sending message 112 to peer 0x128008000 (13 bytes)
1737202918.888708 sending message 112 to peer 0x128008000 (13 bytes)
1737202918.888713 sending message 112 to peer 0x128008000 (10 bytes)
1737202918.888718 sending message 112 to peer 0x128008000 (13 bytes)
1737202918.888723 sending message 112 to peer 0x128008000 (12 bytes)
1737202918.888730 sending message 112 to peer 0x128008000 (12 bytes)
1737202918.888735 sending message 112 to peer 0x128008000 (12 bytes)
1737202918.888740 sending message 112 to peer 0x128008000 (10 bytes)
1737202918.888748 sending message 112 to peer 0x128008000 (10 bytes)
1737202918.888754 sending message 112 to peer 0x128008000 (10 bytes)
1737202918.888759 sending message 112 to peer 0x128008000 (12 bytes)
1737202918.888764 sending message 112 to peer 0x128008000 (13 bytes)
1737202918.888769 sending message 112 to peer 0x128008000 (13 bytes)
1737202918.888774 sending message 112 to peer 0x128008000 (13 bytes)
1737202918.888779 sending message 112 to peer 0x128008000 (13 bytes)
1737202918.888785 sending message 112 to peer 0x128008000 (13 bytes)
1737202918.888790 sending message 112 to peer 0x128008000 (10 bytes)
1737202918.888796 sending message 112 to peer 0x128008000 (11 bytes)
1737202918.888801 sending message 112 to peer 0x128008000 (12 bytes)
1737202918.888810 sending message 112 to peer 0x128008000 (12 bytes)
1737202918.888817 sending message 112 to peer 0x128008000 (12 bytes)
1737202918.888824 sending message 112 to peer 0x128008000 (12 bytes)
1737202918.888832 sending message 112 to peer 0x128008000 (12 bytes)
1737202918.888839 sending message 112 to peer 0x128008000 (11 bytes)
1737202918.888845 sending message 112 to peer 0x128008000 (12 bytes)
1737202918.888852 sending message 112 to peer 0x128008000 (12 bytes)
1737202918.888859 sending message 112 to peer 0x128008000 (13 bytes)
1737202918.888864 sending message 112 to peer 0x128008000 (13 bytes)
1737202918.888870 sending message 112 to peer 0x128008000 (13 bytes)
1737202918.888877 sending message 112 to peer 0x128008000 (13 bytes)
1737202918.888884 sending message 112 to peer 0x128008000 (13 bytes)
1737202918.888891 sending message 112 to peer 0x128008000 (10 bytes)
1737202918.888896 sending message 112 to peer 0x128008000 (9 bytes)
1737202918.888903 sending message 112 to peer 0x128008000 (12 bytes)
1737202918.888910 sending message 112 to peer 0x128008000 (13 bytes)
1737202918.888915 sending message 112 to peer 0x128008000 (13 bytes)
1737202918.888919 sending message 112 to peer 0x128008000 (13 bytes)
1737202918.888926 sending message 112 to peer 0x128008000 (13 bytes)
1737202918.888931 sending message 112 to peer 0x128008000 (13 bytes)
1737202918.888936 sending message 112 to peer 0x128008000 (9 bytes)
1737202918.888941 sending message 112 to peer 0x128008000 (12 bytes)
1737202918.888946 sending message 112 to peer 0x128008000 (13 bytes)
1737202918.888952 sending message 112 to peer 0x128008000 (13 bytes)
1737202918.888956 sending message 112 to peer 0x128008000 (13 bytes)
1737202918.888961 sending message 112 to peer 0x128008000 (13 bytes)
1737202918.888968 sending message 112 to peer 0x128008000 (13 bytes)
1737202918.888997 sending message 112 to peer 0x128008000 (11 bytes)
1737202918.889005 sending message 112 to peer 0x128008000 (12 bytes)
1737202918.889013 sending message 112 to peer 0x128008000 (13 bytes)
1737202918.889020 sending message 112 to peer 0x128008000 (13 bytes)
1737202918.889028 sending message 112 to peer 0x128008000 (13 bytes)
1737202918.889036 sending message 112 to peer 0x128008000 (13 bytes)
1737202918.889045 sending message 112 to peer 0x128008000 (13 bytes)
1737202918.889050 sending message 112 to peer 0x128008000 (11 bytes)
1737202918.889056 sending message 112 to peer 0x128008000 (12 bytes)
1737202918.889061 sending message 112 to peer 0x128008000 (12 bytes)
1737202918.889066 sending message 112 to peer 0x128008000 (12 bytes)
1737202918.889071 sending message 112 to peer 0x128008000 (12 bytes)
1737202918.889076 sending message 112 to peer 0x128008000 (12 bytes)
1737202918.889084 sending message 112 to peer 0x128008000 (21 bytes)
1737202918.889091 sending message 112 to peer 0x128008000 (12 bytes)
1737202918.889096 sending message 112 to peer 0x128008000 (9 bytes)
1737202918.889101 sending message 112 to peer 0x128008000 (6 bytes)
1737202918.889106 sending message 112 to peer 0x128008000 (13 bytes)
1737202918.889110 sending message 112 to peer 0x128008000 (10 bytes)
1737202918.889115 sending message 112 to peer 0x128008000 (24 bytes)
1737202918.889123 sending message 112 to peer 0x128008000 (13 bytes)
1737202918.889130 sending message 112 to peer 0x128008000 (9 bytes)
1737202918.889138 sending message 112 to peer 0x128008000 (70 bytes)
1737202918.889145 sending message 112 to peer 0x128008000 (69 bytes)
1737202918.889150 sending message 112 to peer 0x128008000 (12 bytes)
1737202918.889155 sending message 112 to peer 0x128008000 (10 bytes)
1737202918.889160 sending message 112 to peer 0x128008000 (10 bytes)
1737202918.889165 sending message 112 to peer 0x128008000 (24 bytes)
1737202918.889172 sending message 112 to peer 0x128008000 (13 bytes)
1737202918.889177 sending message 112 to peer 0x128008000 (10 bytes)
1737202918.889184 sending message 112 to peer 0x128008000 (10 bytes)
1737202918.889189 sending message 112 to peer 0x128008000 (10 bytes)
1737202918.889196 sending message 112 to peer 0x128008000 (13 bytes)
1737202918.889203 sending message 112 to peer 0x128008000 (15 bytes)
1737202918.889208 sending message 112 to peer 0x128008000 (5 bytes)
1737202918.889215 sending message 104 to peer 0x128008000 (0 bytes)
1737202918.889223 sending message 110 to peer 0x128008000 (0 bytes)
1737202918.889230 sending message 107 to peer 0x128008000 (4 bytes)
1737202918.889235 sending message 105 to peer 0x128008000 (17 bytes)
1737202918.889240 sending message 105 to peer 0x128008000 (12 bytes)
1737202918.889245 sending message 105 to peer 0x128008000 (22 bytes)
1737202918.889251 sending message 105 to peer 0x128008000 (35 bytes)
1737202918.889256 sending message 105 to peer 0x128008000 (574 bytes)
1737202918.889262 sending message 105 to peer 0x128008000 (15 bytes)
1737202918.889266 sending message 105 to peer 0x128008000 (66 bytes)
1737202918.889270 sending message 105 to peer 0x128008000 (19 bytes)
1737202918.889275 sending message 105 to peer 0x128008000 (15 bytes)
1737202918.889280 sending message 105 to peer 0x128008000 (57 bytes)
1737202918.889284 sending message 105 to peer 0x128008000 (38 bytes)
1737202918.889289 sending message 105 to peer 0x128008000 (19 bytes)
1737202918.889294 sending message 105 to peer 0x128008000 (14 bytes)
1737202918.889299 sending message 105 to peer 0x128008000 (39 bytes)
1737202918.889305 sending message 105 to peer 0x128008000 (17 bytes)
1737202918.889313 sending message 105 to peer 0x128008000 (20 bytes)
1737202918.889320 sending message 105 to peer 0x128008000 (20 bytes)
1737202918.889325 sending message 105 to peer 0x128008000 (19 bytes)
1737202918.889329 sending message 105 to peer 0x128008000 (27 bytes)
1737202918.889334 sending message 105 to peer 0x128008000 (43 bytes)
1737202918.889338 sending message 105 to peer 0x128008000 (8 bytes)
1737202918.889353 sending message 105 to peer 0x128008000 (46 bytes)
1737202918.889358 sending message 105 to peer 0x128008000 (30 bytes)
1737202918.889362 sending message 105 to peer 0x128008000 (37 bytes)
1737202918.889366 sending message 105 to peer 0x128008000 (34 bytes)
1737202918.889371 sending message 105 to peer 0x128008000 (35 bytes)
1737202918.889375 sending message 105 to peer 0x128008000 (70 bytes)
1737202918.889380 sending message 105 to peer 0x128008000 (111 bytes)
1737202918.889386 sending message 105 to peer 0x128008000 (76 bytes)
1737202918.889391 sending message 105 to peer 0x128008000 (29 bytes)
1737202918.889396 sending message 105 to peer 0x128008000 (11 bytes)
1737202918.889401 sending message 105 to peer 0x128008000 (8 bytes)
1737202918.889405 sending message 105 to peer 0x128008000 (32 bytes)
1737202918.889410 sending message 105 to peer 0x128008000 (96 bytes)
1737202918.889416 sending message 105 to peer 0x128008000 (19 bytes)
1737202918.889421 sending message 105 to peer 0x128008000 (62 bytes)
1737202918.889425 sending message 105 to peer 0x128008000 (56 bytes)
1737202918.889431 sending message 105 to peer 0x128008000 (33 bytes)
1737202918.889437 sending message 105 to peer 0x128008000 (46 bytes)
1737202918.889444 sending message 105 to peer 0x128008000 (28 bytes)
1737202918.889452 sending message 105 to peer 0x128008000 (55 bytes)
1737202918.889458 sending message 105 to peer 0x128008000 (25 bytes)
1737202918.889463 sending message 106 to peer 0x128008000 (0 bytes)
1737202918.889590 sending message 200 to peer 0x128008000 (4 bytes)
1737202918.889602 client loop enter
1737202918.903901 peer 0x128008000 message 207
1737202918.903932 sending message 208 to peer 0x128008000 (0 bytes)
1737202921.781864 peer 0x128008000 message 203
1737202921.781908 sending message 205 to peer 0x128008000 (0 bytes)
1737202921.782189 peer 0x128008000 message 204
1737202921.782216 client loop exit
